<?xml version="1.0" encoding="UTF-8"?>
<!-- Generated by org.testng.reporters.JUnitReportReporter -->
<testsuite hostname="DESKTOP-AMTT359" failures="0" tests="3" name="IBMAPIAssignment_2.IBMAPIAssignment_2.ibmAPIAssignment" time="8.090" errors="0" timestamp="16 Mar 2022 05:42:14 GMT" skipped="0">
  <testcase classname="IBMAPIAssignment_2.IBMAPIAssignment_2.ibmAPIAssignment" name="createUser" time="4.044"/>
  <testcase classname="IBMAPIAssignment_2.IBMAPIAssignment_2.ibmAPIAssignment" name="deleteUser" time="2.008"/>
  <testcase classname="IBMAPIAssignment_2.IBMAPIAssignment_2.ibmAPIAssignment" name="login" time="2.038"/>
</testsuite> <!-- IBMAPIAssignment_2.IBMAPIAssignment_2.ibmAPIAssignment -->
